2023-10-10T10:17:15.674+05:30  INFO 4948 --- [main] c.project.hospital.HospitalApplication   : Starting HospitalApplication using Java 18.0.2 with PID 4948 (D:\Downloads\hospital\target\classes started by LEO in D:\Downloads\hospital)
2023-10-10T10:17:15.685+05:30  INFO 4948 --- [main] c.project.hospital.HospitalApplication   : No active profile set, falling back to 1 default profile: "default"
2023-10-10T10:17:16.753+05:30  INFO 4948 --- [main] .s.d.r.c.RepositoryConfigurationDelegate : Bootstrapping Spring Data JPA repositories in DEFAULT mode.
2023-10-10T10:17:16.871+05:30  INFO 4948 --- [main] .s.d.r.c.RepositoryConfigurationDelegate : Finished Spring Data repository scanning in 95 ms. Found 2 JPA repository interfaces.
2023-10-10T10:17:17.863+05:30  INFO 4948 --- [main] o.s.b.w.embedded.tomcat.TomcatWebServer  : Tomcat initialized with port(s): 8080 (http)
2023-10-10T10:17:17.877+05:30  INFO 4948 --- [main] o.apache.catalina.core.StandardService   : Starting service [Tomcat]
2023-10-10T10:17:17.878+05:30  INFO 4948 --- [main] o.apache.catalina.core.StandardEngine    : Starting Servlet engine: [Apache Tomcat/10.1.13]
2023-10-10T10:17:18.057+05:30  INFO 4948 --- [main] o.a.c.c.C.[Tomcat].[localhost].[/]       : Initializing Spring embedded WebApplicationContext
2023-10-10T10:17:18.059+05:30  INFO 4948 --- [main] w.s.c.ServletWebServerApplicationContext : Root WebApplicationContext: initialization completed in 2296 ms
2023-10-10T10:17:18.335+05:30  INFO 4948 --- [main] o.hibernate.jpa.internal.util.LogHelper  : HHH000204: Processing PersistenceUnitInfo [name: default]
2023-10-10T10:17:18.498+05:30  INFO 4948 --- [main] org.hibernate.Version                    : HHH000412: Hibernate ORM core version 6.2.9.Final
2023-10-10T10:17:18.506+05:30  INFO 4948 --- [main] org.hibernate.cfg.Environment            : HHH000406: Using bytecode reflection optimizer
2023-10-10T10:17:18.770+05:30  INFO 4948 --- [main] o.h.b.i.BytecodeProviderInitiator        : HHH000021: Bytecode provider name : bytebuddy
2023-10-10T10:17:18.969+05:30  INFO 4948 --- [main] o.s.o.j.p.SpringPersistenceUnitInfo      : No LoadTimeWeaver setup: ignoring JPA class transformer
2023-10-10T10:17:18.997+05:30  INFO 4948 --- [main] com.zaxxer.hikari.HikariDataSource       : HikariPool-1 - Starting...
2023-10-10T10:17:19.534+05:30  INFO 4948 --- [main] com.zaxxer.hikari.pool.HikariPool        : HikariPool-1 - Added connection com.mysql.cj.jdbc.ConnectionImpl@4e4f4092
2023-10-10T10:17:19.537+05:30  INFO 4948 --- [main] com.zaxxer.hikari.HikariDataSource       : HikariPool-1 - Start completed.
2023-10-10T10:17:19.614+05:30  WARN 4948 --- [main] org.hibernate.orm.deprecation            : HHH90000026: MySQL8Dialect has been deprecated; use org.hibernate.dialect.MySQLDialect instead
2023-10-10T10:17:20.064+05:30  INFO 4948 --- [main] o.h.b.i.BytecodeProviderInitiator        : HHH000021: Bytecode provider name : bytebuddy
2023-10-10T10:17:21.055+05:30  INFO 4948 --- [main] o.h.e.t.j.p.i.JtaPlatformInitiator       : HHH000490: Using JtaPlatform implementation: [org.hibernate.engine.transaction.jta.platform.internal.NoJtaPlatform]
2023-10-10T10:17:21.173+05:30  INFO 4948 --- [main] j.LocalContainerEntityManagerFactoryBean : Initialized JPA EntityManagerFactory for persistence unit 'default'
2023-10-10T10:17:21.588+05:30  WARN 4948 --- [main] JpaBaseConfiguration$JpaWebConfiguration : spring.jpa.open-in-view is enabled by default. Therefore, database queries may be performed during view rendering. Explicitly configure spring.jpa.open-in-view to disable this warning
2023-10-10T10:17:22.140+05:30  INFO 4948 --- [main] o.s.b.w.embedded.tomcat.TomcatWebServer  : Tomcat started on port(s): 8080 (http) with context path ''
2023-10-10T10:17:22.165+05:30  INFO 4948 --- [main] c.project.hospital.HospitalApplication   : Started HospitalApplication in 7.012 seconds (process running for 7.644)
2023-10-10T10:18:40.546+05:30  INFO 4948 --- [http-nio-8080-exec-2] o.a.c.c.C.[Tomcat].[localhost].[/]       : Initializing Spring DispatcherServlet 'dispatcherServlet'
2023-10-10T10:18:40.546+05:30  INFO 4948 --- [http-nio-8080-exec-2] o.s.web.servlet.DispatcherServlet        : Initializing Servlet 'dispatcherServlet'
2023-10-10T10:18:40.549+05:30  INFO 4948 --- [http-nio-8080-exec-2] o.s.web.servlet.DispatcherServlet        : Completed initialization in 3 ms
2023-10-10T10:41:29.265+05:30  INFO 15396 --- [main] c.project.hospital.HospitalApplication   : Starting HospitalApplication using Java 18.0.2 with PID 15396 (D:\Downloads\hospital\target\classes started by LEO in D:\Downloads\hospital)
2023-10-10T10:41:29.272+05:30  INFO 15396 --- [main] c.project.hospital.HospitalApplication   : No active profile set, falling back to 1 default profile: "default"
2023-10-10T10:41:30.817+05:30  INFO 15396 --- [main] .s.d.r.c.RepositoryConfigurationDelegate : Bootstrapping Spring Data JPA repositories in DEFAULT mode.
2023-10-10T10:41:31.000+05:30  INFO 15396 --- [main] .s.d.r.c.RepositoryConfigurationDelegate : Finished Spring Data repository scanning in 142 ms. Found 2 JPA repository interfaces.
2023-10-10T10:41:32.472+05:30  INFO 15396 --- [main] o.s.b.w.embedded.tomcat.TomcatWebServer  : Tomcat initialized with port(s): 8080 (http)
2023-10-10T10:41:32.512+05:30  INFO 15396 --- [main] o.apache.catalina.core.StandardService   : Starting service [Tomcat]
2023-10-10T10:41:32.513+05:30  INFO 15396 --- [main] o.apache.catalina.core.StandardEngine    : Starting Servlet engine: [Apache Tomcat/10.1.13]
2023-10-10T10:41:32.723+05:30  INFO 15396 --- [main] o.a.c.c.C.[Tomcat].[localhost].[/]       : Initializing Spring embedded WebApplicationContext
2023-10-10T10:41:32.724+05:30  INFO 15396 --- [main] w.s.c.ServletWebServerApplicationContext : Root WebApplicationContext: initialization completed in 3340 ms
2023-10-10T10:41:33.126+05:30  INFO 15396 --- [main] o.hibernate.jpa.internal.util.LogHelper  : HHH000204: Processing PersistenceUnitInfo [name: default]
2023-10-10T10:41:33.258+05:30  INFO 15396 --- [main] org.hibernate.Version                    : HHH000412: Hibernate ORM core version 6.2.9.Final
2023-10-10T10:41:33.265+05:30  INFO 15396 --- [main] org.hibernate.cfg.Environment            : HHH000406: Using bytecode reflection optimizer
2023-10-10T10:41:33.680+05:30  INFO 15396 --- [main] o.h.b.i.BytecodeProviderInitiator        : HHH000021: Bytecode provider name : bytebuddy
2023-10-10T10:41:34.077+05:30  INFO 15396 --- [main] o.s.o.j.p.SpringPersistenceUnitInfo      : No LoadTimeWeaver setup: ignoring JPA class transformer
2023-10-10T10:41:34.133+05:30  INFO 15396 --- [main] com.zaxxer.hikari.HikariDataSource       : HikariPool-1 - Starting...
2023-10-10T10:41:34.930+05:30  INFO 15396 --- [main] com.zaxxer.hikari.pool.HikariPool        : HikariPool-1 - Added connection com.mysql.cj.jdbc.ConnectionImpl@1963b057
2023-10-10T10:41:34.938+05:30  INFO 15396 --- [main] com.zaxxer.hikari.HikariDataSource       : HikariPool-1 - Start completed.
2023-10-10T10:41:35.051+05:30  WARN 15396 --- [main] org.hibernate.orm.deprecation            : HHH90000026: MySQL8Dialect has been deprecated; use org.hibernate.dialect.MySQLDialect instead
2023-10-10T10:41:35.684+05:30  INFO 15396 --- [main] o.h.b.i.BytecodeProviderInitiator        : HHH000021: Bytecode provider name : bytebuddy
2023-10-10T10:41:37.056+05:30  INFO 15396 --- [main] o.h.e.t.j.p.i.JtaPlatformInitiator       : HHH000490: Using JtaPlatform implementation: [org.hibernate.engine.transaction.jta.platform.internal.NoJtaPlatform]
2023-10-10T10:41:37.195+05:30  INFO 15396 --- [main] j.LocalContainerEntityManagerFactoryBean : Initialized JPA EntityManagerFactory for persistence unit 'default'
2023-10-10T10:41:37.719+05:30  WARN 15396 --- [main] JpaBaseConfiguration$JpaWebConfiguration : spring.jpa.open-in-view is enabled by default. Therefore, database queries may be performed during view rendering. Explicitly configure spring.jpa.open-in-view to disable this warning
2023-10-10T10:41:38.408+05:30  INFO 15396 --- [main] o.s.b.w.embedded.tomcat.TomcatWebServer  : Tomcat started on port(s): 8080 (http) with context path ''
2023-10-10T10:41:38.424+05:30  INFO 15396 --- [main] c.project.hospital.HospitalApplication   : Started HospitalApplication in 10.378 seconds (process running for 11.489)
2023-10-10T10:42:33.500+05:30  INFO 3028 --- [main] c.project.hospital.HospitalApplication   : Starting HospitalApplication using Java 18.0.2 with PID 3028 (D:\Downloads\hospital\target\classes started by LEO in D:\Downloads\hospital)
2023-10-10T10:42:33.503+05:30  INFO 3028 --- [main] c.project.hospital.HospitalApplication   : No active profile set, falling back to 1 default profile: "default"
2023-10-10T10:42:34.400+05:30  INFO 3028 --- [main] .s.d.r.c.RepositoryConfigurationDelegate : Bootstrapping Spring Data JPA repositories in DEFAULT mode.
2023-10-10T10:42:34.489+05:30  INFO 3028 --- [main] .s.d.r.c.RepositoryConfigurationDelegate : Finished Spring Data repository scanning in 73 ms. Found 2 JPA repository interfaces.
2023-10-10T10:42:35.267+05:30  INFO 3028 --- [main] o.s.b.w.embedded.tomcat.TomcatWebServer  : Tomcat initialized with port(s): 8080 (http)
2023-10-10T10:42:35.281+05:30  INFO 3028 --- [main] o.apache.catalina.core.StandardService   : Starting service [Tomcat]
2023-10-10T10:42:35.282+05:30  INFO 3028 --- [main] o.apache.catalina.core.StandardEngine    : Starting Servlet engine: [Apache Tomcat/10.1.13]
2023-10-10T10:42:35.423+05:30  INFO 3028 --- [main] o.a.c.c.C.[Tomcat].[localhost].[/]       : Initializing Spring embedded WebApplicationContext
2023-10-10T10:42:35.423+05:30  INFO 3028 --- [main] w.s.c.ServletWebServerApplicationContext : Root WebApplicationContext: initialization completed in 1845 ms
2023-10-10T10:42:35.643+05:30  INFO 3028 --- [main] o.hibernate.jpa.internal.util.LogHelper  : HHH000204: Processing PersistenceUnitInfo [name: default]
2023-10-10T10:42:35.709+05:30  INFO 3028 --- [main] org.hibernate.Version                    : HHH000412: Hibernate ORM core version 6.2.9.Final
2023-10-10T10:42:35.711+05:30  INFO 3028 --- [main] org.hibernate.cfg.Environment            : HHH000406: Using bytecode reflection optimizer
2023-10-10T10:42:35.893+05:30  INFO 3028 --- [main] o.h.b.i.BytecodeProviderInitiator        : HHH000021: Bytecode provider name : bytebuddy
2023-10-10T10:42:36.080+05:30  INFO 3028 --- [main] o.s.o.j.p.SpringPersistenceUnitInfo      : No LoadTimeWeaver setup: ignoring JPA class transformer
2023-10-10T10:42:36.106+05:30  INFO 3028 --- [main] com.zaxxer.hikari.HikariDataSource       : HikariPool-1 - Starting...
2023-10-10T10:42:36.576+05:30  INFO 3028 --- [main] com.zaxxer.hikari.pool.HikariPool        : HikariPool-1 - Added connection com.mysql.cj.jdbc.ConnectionImpl@1a7163e3
2023-10-10T10:42:36.579+05:30  INFO 3028 --- [main] com.zaxxer.hikari.HikariDataSource       : HikariPool-1 - Start completed.
2023-10-10T10:42:36.644+05:30  WARN 3028 --- [main] org.hibernate.orm.deprecation            : HHH90000026: MySQL8Dialect has been deprecated; use org.hibernate.dialect.MySQLDialect instead
2023-10-10T10:42:37.036+05:30  INFO 3028 --- [main] o.h.b.i.BytecodeProviderInitiator        : HHH000021: Bytecode provider name : bytebuddy
2023-10-10T10:42:37.965+05:30  INFO 3028 --- [main] o.h.e.t.j.p.i.JtaPlatformInitiator       : HHH000490: Using JtaPlatform implementation: [org.hibernate.engine.transaction.jta.platform.internal.NoJtaPlatform]
2023-10-10T10:42:38.064+05:30  INFO 3028 --- [main] j.LocalContainerEntityManagerFactoryBean : Initialized JPA EntityManagerFactory for persistence unit 'default'
2023-10-10T10:42:38.424+05:30  WARN 3028 --- [main] JpaBaseConfiguration$JpaWebConfiguration : spring.jpa.open-in-view is enabled by default. Therefore, database queries may be performed during view rendering. Explicitly configure spring.jpa.open-in-view to disable this warning
2023-10-10T10:42:39.001+05:30  INFO 3028 --- [main] o.s.b.w.embedded.tomcat.TomcatWebServer  : Tomcat started on port(s): 8080 (http) with context path ''
2023-10-10T10:42:40.918+05:30  INFO 3028 --- [main] c.project.hospital.HospitalApplication   : Started HospitalApplication in 7.906 seconds (process running for 8.358)
2023-10-10T10:42:50.648+05:30  INFO 3028 --- [http-nio-8080-exec-1] o.a.c.c.C.[Tomcat].[localhost].[/]       : Initializing Spring DispatcherServlet 'dispatcherServlet'
2023-10-10T10:42:50.648+05:30  INFO 3028 --- [http-nio-8080-exec-1] o.s.web.servlet.DispatcherServlet        : Initializing Servlet 'dispatcherServlet'
2023-10-10T10:42:50.649+05:30  INFO 3028 --- [http-nio-8080-exec-1] o.s.web.servlet.DispatcherServlet        : Completed initialization in 1 ms
2023-10-10T11:22:56.121+05:30  INFO 1020 --- [main] c.project.hospital.HospitalApplication   : Starting HospitalApplication using Java 18.0.2 with PID 1020 (D:\Downloads\hospital\target\classes started by LEO in D:\Downloads\hospital)
2023-10-10T11:22:56.124+05:30  INFO 1020 --- [main] c.project.hospital.HospitalApplication   : No active profile set, falling back to 1 default profile: "default"
